0 info it worked if it ends with ok
1 verbose cli [ 'C:\\Program Files\\nodejs\\node.exe',
1 verbose cli   'C:\\Program Files\\nodejs\\node_modules\\npm\\bin\\npm-cli.js',
1 verbose cli   '--force',
1 verbose cli   'unpublish' ]
2 info using npm@3.10.8
3 info using node@v6.9.1
4 warn using --force I sure hope you know what you are doing.
5 silly unpublish args[0] undefined
6 silly unpublish thing {}
7 verbose unpublish { _args: [ [ [Object], 'E:\\node2' ] ],
7 verbose unpublish   _from: 'test233@latest',
7 verbose unpublish   _id: 'test233@0.0.1',
7 verbose unpublish   _inCache: true,
7 verbose unpublish   _location: '/test233',
7 verbose unpublish   _nodeVersion: '6.9.1',
7 verbose unpublish   _npmOperationalInternal:
7 verbose unpublish    { host: 'packages-12-west.internal.npmjs.com',
7 verbose unpublish      tmp: 'tmp/test233-0.0.1.tgz_1478083482580_0.8303007700014859' },
7 verbose unpublish   _npmUser: { name: 'dancingblue', email: 'blue@zhinengshe.com' },
7 verbose unpublish   _npmVersion: '3.10.8',
7 verbose unpublish   _phantomChildren: {},
7 verbose unpublish   _requested:
7 verbose unpublish    { raw: 'test233',
7 verbose unpublish      scope: null,
7 verbose unpublish      escapedName: 'test233',
7 verbose unpublish      name: 'test233',
7 verbose unpublish      rawSpec: '',
7 verbose unpublish      spec: 'latest',
7 verbose unpublish      type: 'tag' },
7 verbose unpublish   _requiredBy: [ '#USER' ],
7 verbose unpublish   _resolved: 'https://registry.npmjs.org/test233/-/test233-0.0.1.tgz',
7 verbose unpublish   _shasum: '88a6a5065a231232cc722d7b37450ee9423b9e05',
7 verbose unpublish   _shrinkwrap: null,
7 verbose unpublish   _spec: 'test233',
7 verbose unpublish   _where: 'E:\\node2',
7 verbose unpublish   author: { name: 'blue' },
7 verbose unpublish   dependencies: {},
7 verbose unpublish   description: '这是个测试包，千万别下，谁下谁怀孕',
7 verbose unpublish   devDependencies: {},
7 verbose unpublish   directories: {},
7 verbose unpublish   dist:
7 verbose unpublish    { shasum: '88a6a5065a231232cc722d7b37450ee9423b9e05',
7 verbose unpublish      tarball: 'https://registry.npmjs.org/test233/-/test233-0.0.1.tgz' },
7 verbose unpublish   keywords: [ 'test', '11', '22', '33' ],
7 verbose unpublish   license: 'ISC',
7 verbose unpublish   main: 'index.js',
7 verbose unpublish   maintainers: [ { name: 'dancingblue', email: 'blue@zhinengshe.com' } ],
7 verbose unpublish   name: 'test233',
7 verbose unpublish   optionalDependencies: {},
7 verbose unpublish   readme: 'ERROR: No README data found!',
7 verbose unpublish   scripts: { test: 'echo "Error: no test specified" && exit 1' },
7 verbose unpublish   version: '0.0.1' }
8 verbose getPublishConfig undefined
9 silly ls normalized test233\0.0.1
10 silly gentlyRm C:\Users\danci_000\AppData\Roaming\npm-cache\test233\0.0.1 is being purged
11 verbose gentlyRm don't care about contents; nuking C:\Users\danci_000\AppData\Roaming\npm-cache\test233\0.0.1
12 silly mapToRegistry name test233
13 silly mapToRegistry using default registry
14 silly mapToRegistry registry https://registry.npmjs.org/
15 silly mapToRegistry data Result {
15 silly mapToRegistry   raw: 'test233',
15 silly mapToRegistry   scope: null,
15 silly mapToRegistry   escapedName: 'test233',
15 silly mapToRegistry   name: 'test233',
15 silly mapToRegistry   rawSpec: '',
15 silly mapToRegistry   spec: 'latest',
15 silly mapToRegistry   type: 'tag' }
16 silly mapToRegistry uri https://registry.npmjs.org/test233
17 verbose get GET as part of write; not caching result
18 verbose request uri https://registry.npmjs.org/test233?write=true
19 verbose request no auth needed
20 info attempt registry request try #1 at 19:14:36
21 verbose request using bearer token for auth
22 verbose request id e18c9e58fe56ad5a
23 http request GET https://registry.npmjs.org/test233?write=true
24 http 200 https://registry.npmjs.org/test233?write=true
25 verbose headers { server: 'CouchDB/1.5.0 (Erlang OTP/R16B03)',
25 verbose headers   etag: '"9MSMO4NQ7ZXPCE75QFOBWRIX7"',
25 verbose headers   'content-type': 'application/json',
25 verbose headers   'content-encoding': 'gzip',
25 verbose headers   'cache-control': 'max-age=0',
25 verbose headers   'transfer-encoding': 'chunked',
25 verbose headers   'accept-ranges': 'bytes',
25 verbose headers   date: 'Wed, 02 Nov 2016 11:14:41 GMT',
25 verbose headers   via: '1.1 varnish',
25 verbose headers   connection: 'keep-alive',
25 verbose headers   'x-served-by': 'cache-lcy1125-LCY',
25 verbose headers   'x-cache': 'MISS',
25 verbose headers   'x-cache-hits': '0',
25 verbose headers   'x-timer': 'S1478085281.176023,VS0,VE325',
25 verbose headers   vary: 'Accept-Encoding' }
26 silly get cb [ 200,
26 silly get   { server: 'CouchDB/1.5.0 (Erlang OTP/R16B03)',
26 silly get     etag: '"9MSMO4NQ7ZXPCE75QFOBWRIX7"',
26 silly get     'content-type': 'application/json',
26 silly get     'content-encoding': 'gzip',
26 silly get     'cache-control': 'max-age=0',
26 silly get     'transfer-encoding': 'chunked',
26 silly get     'accept-ranges': 'bytes',
26 silly get     date: 'Wed, 02 Nov 2016 11:14:41 GMT',
26 silly get     via: '1.1 varnish',
26 silly get     connection: 'keep-alive',
26 silly get     'x-served-by': 'cache-lcy1125-LCY',
26 silly get     'x-cache': 'MISS',
26 silly get     'x-cache-hits': '0',
26 silly get     'x-timer': 'S1478085281.176023,VS0,VE325',
26 silly get     vary: 'Accept-Encoding' } ]
27 verbose get saving test233 to C:\Users\danci_000\AppData\Roaming\npm-cache\registry.npmjs.org\test233_3Fwrite_3Dtrue\.cache.json
28 verbose correctMkdir C:\Users\danci_000\AppData\Roaming\npm-cache correctMkdir not in flight; initializing
29 verbose unpublish removing attachments { shasum: '88a6a5065a231232cc722d7b37450ee9423b9e05',
29 verbose unpublish   tarball: 'http://registry.npmjs.org/test233/-/test233-0.0.1.tgz' }
30 info unpublish No versions remain, removing entire package
31 verbose request uri https://registry.npmjs.org/test233/-rev/8-57c54e8f0e7c025109898092a81e0848
32 verbose request sending authorization for write operation
33 info attempt registry request try #1 at 19:14:41
34 verbose request using bearer token for auth
35 http request DELETE https://registry.npmjs.org/test233/-rev/8-57c54e8f0e7c025109898092a81e0848
36 http 400 https://registry.npmjs.org/test233/-rev/8-57c54e8f0e7c025109898092a81e0848
37 verbose headers { 'content-type': 'application/json',
37 verbose headers   'cache-control': 'max-age=300',
37 verbose headers   'content-length': '17',
37 verbose headers   'accept-ranges': 'bytes',
37 verbose headers   date: 'Wed, 02 Nov 2016 11:14:43 GMT',
37 verbose headers   via: '1.1 varnish',
37 verbose headers   connection: 'keep-alive',
37 verbose headers   'x-served-by': 'cache-lcy1125-LCY',
37 verbose headers   'x-cache': 'MISS',
37 verbose headers   'x-cache-hits': '0',
37 verbose headers   'x-timer': 'S1478085282.202512,VS0,VE832',
37 verbose headers   vary: 'Accept-Encoding' }
38 verbose request invalidating C:\Users\danci_000\AppData\Roaming\npm-cache\registry.npmjs.org\test233 on DELETE
39 verbose stack Error: Registry returned 400 for DELETE on https://registry.npmjs.org/test233/-rev/8-57c54e8f0e7c025109898092a81e0848
39 verbose stack     at makeError (C:\Program Files\nodejs\node_modules\npm\node_modules\npm-registry-client\lib\request.js:302:12)
39 verbose stack     at CachingRegistryClient.<anonymous> (C:\Program Files\nodejs\node_modules\npm\node_modules\npm-registry-client\lib\request.js:280:14)
39 verbose stack     at Request._callback (C:\Program Files\nodejs\node_modules\npm\node_modules\npm-registry-client\lib\request.js:210:14)
39 verbose stack     at Request.self.callback (C:\Program Files\nodejs\node_modules\npm\node_modules\request\request.js:187:22)
39 verbose stack     at emitTwo (events.js:106:13)
39 verbose stack     at Request.emit (events.js:191:7)
39 verbose stack     at Request.<anonymous> (C:\Program Files\nodejs\node_modules\npm\node_modules\request\request.js:1044:10)
39 verbose stack     at emitOne (events.js:96:13)
39 verbose stack     at Request.emit (events.js:188:7)
39 verbose stack     at IncomingMessage.<anonymous> (C:\Program Files\nodejs\node_modules\npm\node_modules\request\request.js:965:12)
40 verbose statusCode 400
41 verbose pkgid test233
42 verbose cwd E:\node2
43 error Windows_NT 10.0.14393
44 error argv "C:\\Program Files\\nodejs\\node.exe" "C:\\Program Files\\nodejs\\node_modules\\npm\\bin\\npm-cli.js" "--force" "unpublish"
45 error node v6.9.1
46 error npm  v3.10.8
47 error code E400
48 error Registry returned 400 for DELETE on https://registry.npmjs.org/test233/-rev/8-57c54e8f0e7c025109898092a81e0848
49 error If you need help, you may report this error at:
49 error     <https://github.com/npm/npm/issues>
50 verbose exit [ 1, true ]
